2025-05-19T19:12:08.956-04:00  INFO 17100 --- [main] c.e.s.SoporteServiceApplication          : Starting SoporteServiceApplication using Java 24.0.1 with PID 17100 (C:\Users\bflor\Downloads\soporte-service\target\classes started by bflor in C:\Users\bflor\Downloads\soporte-service)
2025-05-19T19:12:08.962-04:00  INFO 17100 --- [main] c.e.s.SoporteServiceApplication          : No active profile set, falling back to 1 default profile: "default"
2025-05-19T19:12:10.512-04:00  INFO 17100 --- [main] .s.d.r.c.RepositoryConfigurationDelegate : Bootstrapping Spring Data JPA repositories in DEFAULT mode.
2025-05-19T19:12:10.572-04:00  INFO 17100 --- [main] .s.d.r.c.RepositoryConfigurationDelegate : Finished Spring Data repository scanning in 33 ms. Found 0 JPA repository interfaces.
2025-05-19T19:12:11.520-04:00  INFO 17100 --- [main] o.s.b.w.embedded.tomcat.TomcatWebServer  : Tomcat initialized with port 8086 (http)
2025-05-19T19:12:11.547-04:00  INFO 17100 --- [main] o.apache.catalina.core.StandardService   : Starting service [Tomcat]
2025-05-19T19:12:11.547-04:00  INFO 17100 --- [main] o.apache.catalina.core.StandardEngine    : Starting Servlet engine: [Apache Tomcat/10.1.40]
2025-05-19T19:12:11.647-04:00  INFO 17100 --- [main] o.a.c.c.C.[Tomcat].[localhost].[/]       : Initializing Spring embedded WebApplicationContext
2025-05-19T19:12:11.648-04:00  INFO 17100 --- [main] w.s.c.ServletWebServerApplicationContext : Root WebApplicationContext: initialization completed in 2569 ms
2025-05-19T19:12:11.973-04:00  INFO 17100 --- [main] o.hibernate.jpa.internal.util.LogHelper  : HHH000204: Processing PersistenceUnitInfo [name: default]
2025-05-19T19:12:12.075-04:00  INFO 17100 --- [main] org.hibernate.Version                    : HHH000412: Hibernate ORM core version 6.5.3.Final
2025-05-19T19:12:12.140-04:00  INFO 17100 --- [main] o.h.c.internal.RegionFactoryInitiator    : HHH000026: Second-level cache disabled
2025-05-19T19:12:12.593-04:00  INFO 17100 --- [main] o.s.o.j.p.SpringPersistenceUnitInfo      : No LoadTimeWeaver setup: ignoring JPA class transformer
2025-05-19T19:12:12.636-04:00  INFO 17100 --- [main] com.zaxxer.hikari.HikariDataSource       : HikariPool-1 - Starting...
2025-05-19T19:12:12.903-04:00  INFO 17100 --- [main] com.zaxxer.hikari.pool.HikariPool        : HikariPool-1 - Added connection com.mysql.cj.jdbc.ConnectionImpl@414b2df5
2025-05-19T19:12:12.906-04:00  INFO 17100 --- [main] com.zaxxer.hikari.HikariDataSource       : HikariPool-1 - Start completed.
2025-05-19T19:12:13.046-04:00  WARN 17100 --- [main] org.hibernate.orm.deprecation            : HHH90000025: MySQLDialect does not need to be specified explicitly using 'hibernate.dialect' (remove the property setting and it will be selected by default)
2025-05-19T19:12:13.517-04:00  INFO 17100 --- [main] o.h.e.t.j.p.i.JtaPlatformInitiator       : HHH000489: No JTA platform available (set 'hibernate.transaction.jta.platform' to enable JTA platform integration)
2025-05-19T19:12:13.527-04:00  INFO 17100 --- [main] j.LocalContainerEntityManagerFactoryBean : Initialized JPA EntityManagerFactory for persistence unit 'default'
2025-05-19T19:12:13.640-04:00  WARN 17100 --- [main] JpaBaseConfiguration$JpaWebConfiguration : spring.jpa.open-in-view is enabled by default. Therefore, database queries may be performed during view rendering. Explicitly configure spring.jpa.open-in-view to disable this warning
2025-05-19T19:12:14.340-04:00  INFO 17100 --- [main] o.s.b.w.embedded.tomcat.TomcatWebServer  : Tomcat started on port 8086 (http) with context path '/'
2025-05-19T19:12:14.357-04:00  INFO 17100 --- [main] c.e.s.SoporteServiceApplication          : Started SoporteServiceApplication in 6.254 seconds (process running for 6.787)
2025-05-19T19:12:39.711-04:00  INFO 23328 --- [main] c.e.s.SoporteServiceApplication          : Starting SoporteServiceApplication using Java 24.0.1 with PID 23328 (C:\Users\bflor\Downloads\soporte-service\target\classes started by bflor in C:\Users\bflor\Downloads\soporte-service)
2025-05-19T19:12:39.717-04:00  INFO 23328 --- [main] c.e.s.SoporteServiceApplication          : No active profile set, falling back to 1 default profile: "default"
2025-05-19T19:12:41.217-04:00  INFO 23328 --- [main] .s.d.r.c.RepositoryConfigurationDelegate : Bootstrapping Spring Data JPA repositories in DEFAULT mode.
2025-05-19T19:12:41.264-04:00  INFO 23328 --- [main] .s.d.r.c.RepositoryConfigurationDelegate : Finished Spring Data repository scanning in 25 ms. Found 0 JPA repository interfaces.
2025-05-19T19:12:42.623-04:00  INFO 23328 --- [main] o.s.b.w.embedded.tomcat.TomcatWebServer  : Tomcat initialized with port 8086 (http)
2025-05-19T19:12:42.655-04:00  INFO 23328 --- [main] o.apache.catalina.core.StandardService   : Starting service [Tomcat]
2025-05-19T19:12:42.656-04:00  INFO 23328 --- [main] o.apache.catalina.core.StandardEngine    : Starting Servlet engine: [Apache Tomcat/10.1.40]
2025-05-19T19:12:42.786-04:00  INFO 23328 --- [main] o.a.c.c.C.[Tomcat].[localhost].[/]       : Initializing Spring embedded WebApplicationContext
2025-05-19T19:12:42.787-04:00  INFO 23328 --- [main] w.s.c.ServletWebServerApplicationContext : Root WebApplicationContext: initialization completed in 2943 ms
2025-05-19T19:12:43.068-04:00  INFO 23328 --- [main] o.hibernate.jpa.internal.util.LogHelper  : HHH000204: Processing PersistenceUnitInfo [name: default]
2025-05-19T19:12:43.221-04:00  INFO 23328 --- [main] org.hibernate.Version                    : HHH000412: Hibernate ORM core version 6.5.3.Final
2025-05-19T19:12:43.338-04:00  INFO 23328 --- [main] o.h.c.internal.RegionFactoryInitiator    : HHH000026: Second-level cache disabled
2025-05-19T19:12:44.059-04:00  INFO 23328 --- [main] o.s.o.j.p.SpringPersistenceUnitInfo      : No LoadTimeWeaver setup: ignoring JPA class transformer
2025-05-19T19:12:44.130-04:00  INFO 23328 --- [main] com.zaxxer.hikari.HikariDataSource       : HikariPool-1 - Starting...
2025-05-19T19:12:44.464-04:00  INFO 23328 --- [main] com.zaxxer.hikari.pool.HikariPool        : HikariPool-1 - Added connection com.mysql.cj.jdbc.ConnectionImpl@2d70f312
2025-05-19T19:12:44.468-04:00  INFO 23328 --- [main] com.zaxxer.hikari.HikariDataSource       : HikariPool-1 - Start completed.
2025-05-19T19:12:44.570-04:00  WARN 23328 --- [main] org.hibernate.orm.deprecation            : HHH90000025: MySQLDialect does not need to be specified explicitly using 'hibernate.dialect' (remove the property setting and it will be selected by default)
2025-05-19T19:12:45.126-04:00  INFO 23328 --- [main] o.h.e.t.j.p.i.JtaPlatformInitiator       : HHH000489: No JTA platform available (set 'hibernate.transaction.jta.platform' to enable JTA platform integration)
2025-05-19T19:12:45.137-04:00  INFO 23328 --- [main] j.LocalContainerEntityManagerFactoryBean : Initialized JPA EntityManagerFactory for persistence unit 'default'
2025-05-19T19:12:45.240-04:00  WARN 23328 --- [main] JpaBaseConfiguration$JpaWebConfiguration : spring.jpa.open-in-view is enabled by default. Therefore, database queries may be performed during view rendering. Explicitly configure spring.jpa.open-in-view to disable this warning
2025-05-19T19:12:45.957-04:00  WARN 23328 --- [main] ConfigServletWebServerApplicationContext : Exception encountered during context initialization - cancelling refresh attempt: org.springframework.context.ApplicationContextException: Failed to start bean 'webServerStartStop'
2025-05-19T19:12:45.963-04:00  INFO 23328 --- [main] j.LocalContainerEntityManagerFactoryBean : Closing JPA EntityManagerFactory for persistence unit 'default'
2025-05-19T19:12:45.968-04:00  INFO 23328 --- [main] com.zaxxer.hikari.HikariDataSource       : HikariPool-1 - Shutdown initiated...
2025-05-19T19:12:45.995-04:00  INFO 23328 --- [main] com.zaxxer.hikari.HikariDataSource       : HikariPool-1 - Shutdown completed.
2025-05-19T19:12:46.030-04:00  INFO 23328 --- [main] .s.b.a.l.ConditionEvaluationReportLogger : 

Error starting ApplicationContext. To display the condition evaluation report re-run your application with 'debug' enabled.
2025-05-19T19:12:46.087-04:00 ERROR 23328 --- [main] o.s.b.d.LoggingFailureAnalysisReporter   : 

***************************
APPLICATION FAILED TO START
***************************

Description:

Web server failed to start. Port 8086 was already in use.

Action:

Identify and stop the process that's listening on port 8086 or configure this application to listen on another port.

